-------------------------------------------------------------------------------
Test set: org.apache.commons.lang3.reflect.MethodUtilsTest
-------------------------------------------------------------------------------
Tests run: 13, Failures: 0, Errors: 1, Skipped: 0, Time elapsed: 0.007 s <<< FAILURE! - in org.apache.commons.lang3.reflect.MethodUtilsTest
testGetMatchingAccessibleMethod(org.apache.commons.lang3.reflect.MethodUtilsTest)  Time elapsed: 0.001 s  <<< ERROR!
java.lang.NullPointerException: Cannot invoke "org.apache.commons.lang3.JavaVersion.atLeast(org.apache.commons.lang3.JavaVersion)" because "org.apache.commons.lang3.SystemUtils.JAVA_SPECIFICATION_VERSION_AS_ENUM" is null
	at org.apache.commons.lang3.reflect.MethodUtilsTest.expectMatchingAccessibleMethodParameterTypes(MethodUtilsTest.java:382)
	at org.apache.commons.lang3.reflect.MethodUtilsTest.testGetMatchingAccessibleMethod(MethodUtilsTest.java:370)

