-------------------------------------------------------------------------------
Test set: org.apache.commons.lang3.text.ExtendedMessageFormatTest
-------------------------------------------------------------------------------
Tests run: 8, Failures: 0, Errors: 6, Skipped: 0, Time elapsed: 0.136 s <<< FAILURE! - in org.apache.commons.lang3.text.ExtendedMessageFormatTest
testBuiltInDateTimeFormat(org.apache.commons.lang3.text.ExtendedMessageFormatTest)  Time elapsed: 0.071 s  <<< ERROR!
java.lang.NullPointerException: Cannot invoke "org.apache.commons.lang3.JavaVersion.atLeast(org.apache.commons.lang3.JavaVersion)" because "org.apache.commons.lang3.SystemUtils.JAVA_SPECIFICATION_VERSION_AS_ENUM" is null
	at org.apache.commons.lang3.text.ExtendedMessageFormatTest.assertPatternsEqual(ExtendedMessageFormatTest.java:361)
	at org.apache.commons.lang3.text.ExtendedMessageFormatTest.checkBuiltInFormat(ExtendedMessageFormatTest.java:356)
	at org.apache.commons.lang3.text.ExtendedMessageFormatTest.checkBuiltInFormat(ExtendedMessageFormatTest.java:326)
	at org.apache.commons.lang3.text.ExtendedMessageFormatTest.checkBuiltInFormat(ExtendedMessageFormatTest.java:315)
	at org.apache.commons.lang3.text.ExtendedMessageFormatTest.testBuiltInDateTimeFormat(ExtendedMessageFormatTest.java:211)

testOverriddenBuiltinFormat(org.apache.commons.lang3.text.ExtendedMessageFormatTest)  Time elapsed: 0.002 s  <<< ERROR!
java.lang.NullPointerException: Cannot invoke "org.apache.commons.lang3.JavaVersion.atLeast(org.apache.commons.lang3.JavaVersion)" because "org.apache.commons.lang3.SystemUtils.JAVA_SPECIFICATION_VERSION_AS_ENUM" is null
	at org.apache.commons.lang3.text.ExtendedMessageFormatTest.assertPatternsEqual(ExtendedMessageFormatTest.java:361)
	at org.apache.commons.lang3.text.ExtendedMessageFormatTest.checkBuiltInFormat(ExtendedMessageFormatTest.java:356)
	at org.apache.commons.lang3.text.ExtendedMessageFormatTest.checkBuiltInFormat(ExtendedMessageFormatTest.java:326)
	at org.apache.commons.lang3.text.ExtendedMessageFormatTest.testOverriddenBuiltinFormat(ExtendedMessageFormatTest.java:234)

testBuiltInChoiceFormat(org.apache.commons.lang3.text.ExtendedMessageFormatTest)  Time elapsed: 0.008 s  <<< ERROR!
java.lang.NullPointerException: Cannot invoke "org.apache.commons.lang3.JavaVersion.atLeast(org.apache.commons.lang3.JavaVersion)" because "org.apache.commons.lang3.SystemUtils.JAVA_SPECIFICATION_VERSION_AS_ENUM" is null
	at org.apache.commons.lang3.text.ExtendedMessageFormatTest.assertPatternsEqual(ExtendedMessageFormatTest.java:361)
	at org.apache.commons.lang3.text.ExtendedMessageFormatTest.checkBuiltInFormat(ExtendedMessageFormatTest.java:356)
	at org.apache.commons.lang3.text.ExtendedMessageFormatTest.checkBuiltInFormat(ExtendedMessageFormatTest.java:326)
	at org.apache.commons.lang3.text.ExtendedMessageFormatTest.checkBuiltInFormat(ExtendedMessageFormatTest.java:315)
	at org.apache.commons.lang3.text.ExtendedMessageFormatTest.testBuiltInChoiceFormat(ExtendedMessageFormatTest.java:192)

testExtendedFormats(org.apache.commons.lang3.text.ExtendedMessageFormatTest)  Time elapsed: 0 s  <<< ERROR!
java.lang.NullPointerException: Cannot invoke "org.apache.commons.lang3.JavaVersion.atLeast(org.apache.commons.lang3.JavaVersion)" because "org.apache.commons.lang3.SystemUtils.JAVA_SPECIFICATION_VERSION_AS_ENUM" is null
	at org.apache.commons.lang3.text.ExtendedMessageFormatTest.assertPatternsEqual(ExtendedMessageFormatTest.java:361)
	at org.apache.commons.lang3.text.ExtendedMessageFormatTest.testExtendedFormats(ExtendedMessageFormatTest.java:64)

testExtendedAndBuiltInFormats(org.apache.commons.lang3.text.ExtendedMessageFormatTest)  Time elapsed: 0.053 s  <<< ERROR!
java.lang.NullPointerException: Cannot invoke "org.apache.commons.lang3.JavaVersion.atLeast(org.apache.commons.lang3.JavaVersion)" because "org.apache.commons.lang3.SystemUtils.JAVA_SPECIFICATION_VERSION_AS_ENUM" is null
	at org.apache.commons.lang3.text.ExtendedMessageFormatTest.assertPatternsEqual(ExtendedMessageFormatTest.java:361)
	at org.apache.commons.lang3.text.ExtendedMessageFormatTest.testExtendedAndBuiltInFormats(ExtendedMessageFormatTest.java:121)

testBuiltInNumberFormat(org.apache.commons.lang3.text.ExtendedMessageFormatTest)  Time elapsed: 0.001 s  <<< ERROR!
java.lang.NullPointerException: Cannot invoke "org.apache.commons.lang3.JavaVersion.atLeast(org.apache.commons.lang3.JavaVersion)" because "org.apache.commons.lang3.SystemUtils.JAVA_SPECIFICATION_VERSION_AS_ENUM" is null
	at org.apache.commons.lang3.text.ExtendedMessageFormatTest.assertPatternsEqual(ExtendedMessageFormatTest.java:361)
	at org.apache.commons.lang3.text.ExtendedMessageFormatTest.checkBuiltInFormat(ExtendedMessageFormatTest.java:356)
	at org.apache.commons.lang3.text.ExtendedMessageFormatTest.checkBuiltInFormat(ExtendedMessageFormatTest.java:326)
	at org.apache.commons.lang3.text.ExtendedMessageFormatTest.checkBuiltInFormat(ExtendedMessageFormatTest.java:315)
	at org.apache.commons.lang3.text.ExtendedMessageFormatTest.testBuiltInNumberFormat(ExtendedMessageFormatTest.java:258)

