-------------------------------------------------------------------------------
Test set: org.apache.commons.lang3.builder.HashCodeBuilderAndEqualsBuilderTest
-------------------------------------------------------------------------------
Tests run: 4, Failures: 0, Errors: 2, Skipped: 0, Time elapsed: 0.001 sec <<< FAILURE!
testIntegerWithTransients(org.apache.commons.lang3.builder.HashCodeBuilderAndEqualsBuilderTest)  Time elapsed: 0 sec  <<< ERROR!
java.lang.reflect.InaccessibleObjectException: Unable to make field static final char[] java.lang.Integer.digits accessible: module java.base does not "opens java.lang" to unnamed module @6a522ee2
	at java.base/java.lang.reflect.AccessibleObject.checkCanSetAccessible(AccessibleObject.java:354)
	at java.base/java.lang.reflect.AccessibleObject.checkCanSetAccessible(AccessibleObject.java:297)
	at java.base/java.lang.reflect.Field.checkCanSetAccessible(Field.java:178)
	at java.base/java.lang.reflect.AccessibleObject.setAccessible(AccessibleObject.java:130)
	at org.apache.commons.lang3.builder.EqualsBuilder.reflectionAppend(EqualsBuilder.java:399)
	at org.apache.commons.lang3.builder.EqualsBuilder.reflectionEquals(EqualsBuilder.java:357)
	at org.apache.commons.lang3.builder.EqualsBuilder.reflectionEquals(EqualsBuilder.java:295)
	at org.apache.commons.lang3.builder.HashCodeBuilderAndEqualsBuilderTest.assertEqualsAndHashCodeContract(HashCodeBuilderAndEqualsBuilderTest.java:85)
	at org.apache.commons.lang3.builder.HashCodeBuilderAndEqualsBuilderTest.testInteger(HashCodeBuilderAndEqualsBuilderTest.java:37)
	at org.apache.commons.lang3.builder.HashCodeBuilderAndEqualsBuilderTest.testIntegerWithTransients(HashCodeBuilderAndEqualsBuilderTest.java:47)

testInteger(org.apache.commons.lang3.builder.HashCodeBuilderAndEqualsBuilderTest)  Time elapsed: 0 sec  <<< ERROR!
java.lang.reflect.InaccessibleObjectException: Unable to make field static final char[] java.lang.Integer.digits accessible: module java.base does not "opens java.lang" to unnamed module @6a522ee2
	at java.base/java.lang.reflect.AccessibleObject.checkCanSetAccessible(AccessibleObject.java:354)
	at java.base/java.lang.reflect.AccessibleObject.checkCanSetAccessible(AccessibleObject.java:297)
	at java.base/java.lang.reflect.Field.checkCanSetAccessible(Field.java:178)
	at java.base/java.lang.reflect.AccessibleObject.setAccessible(AccessibleObject.java:130)
	at org.apache.commons.lang3.builder.EqualsBuilder.reflectionAppend(EqualsBuilder.java:399)
	at org.apache.commons.lang3.builder.EqualsBuilder.reflectionEquals(EqualsBuilder.java:357)
	at org.apache.commons.lang3.builder.EqualsBuilder.reflectionEquals(EqualsBuilder.java:295)
	at org.apache.commons.lang3.builder.HashCodeBuilderAndEqualsBuilderTest.assertEqualsAndHashCodeContract(HashCodeBuilderAndEqualsBuilderTest.java:85)
	at org.apache.commons.lang3.builder.HashCodeBuilderAndEqualsBuilderTest.testInteger(HashCodeBuilderAndEqualsBuilderTest.java:37)
	at org.apache.commons.lang3.builder.HashCodeBuilderAndEqualsBuilderTest.testInteger(HashCodeBuilderAndEqualsBuilderTest.java:42)

