<?xml version="1.0" encoding="UTF-8"?>
<testsuite xmlns:xsi="http://www.w3.org/2001/XMLSchema-instance" xsi:noNamespaceSchemaLocation="https://maven.apache.org/surefire/maven-surefire-plugin/xsd/surefire-test-report.xsd" name="org.apache.commons.lang3.time.StopWatchTest" time="4.752" tests="7" errors="0" skipped="0" failures="0">
  <properties>
[...]
</properties>
  <testcase name="testBadStates" classname="org.apache.commons.lang3.time.StopWatchTest" time="0"/>
  <testcase name="testGetStartTime" classname="org.apache.commons.lang3.time.StopWatchTest" time="0"/>
  <testcase name="testLang315" classname="org.apache.commons.lang3.time.StopWatchTest" time="0.4"/>
  <testcase name="testStopWatchSimpleGet" classname="org.apache.commons.lang3.time.StopWatchTest" time="0.501"/>
  <testcase name="testStopWatchSimple" classname="org.apache.commons.lang3.time.StopWatchTest" time="0.55"/>
  <testcase name="testStopWatchSplit" classname="org.apache.commons.lang3.time.StopWatchTest" time="1.65"/>
  <testcase name="testStopWatchSuspend" classname="org.apache.commons.lang3.time.StopWatchTest" time="1.651"/>
</testsuite>