<?xml version="1.0" encoding="UTF-8"?>
<testsuite xmlns:xsi="http://www.w3.org/2001/XMLSchema-instance" xsi:noNamespaceSchemaLocation="https://maven.apache.org/surefire/maven-surefire-plugin/xsd/surefire-test-report.xsd" name="org.apache.commons.lang3.reflect.FieldUtilsTest" time="0.007" tests="44" errors="0" skipped="0" failures="2">
  <properties>
[...]
</properties>
  <testcase name="testReadStaticFieldForceAccess" classname="org.apache.commons.lang3.reflect.FieldUtilsTest" time="0.001"/>
  <testcase name="testGetAllFieldsList" classname="org.apache.commons.lang3.reflect.FieldUtilsTest" time="0">
    <failure message="expected:&lt;5&gt; but was:&lt;7&gt;" type="java.lang.AssertionError"><![CDATA[java.lang.AssertionError: expected:<5> but was:<7>
	at org.apache.commons.lang3.reflect.FieldUtilsTest.testGetAllFieldsList(FieldUtilsTest.java:167)
]]></failure>
  </testcase>
  <testcase name="testReadDeclaredNamedField" classname="org.apache.commons.lang3.reflect.FieldUtilsTest" time="0.002"/>
  <testcase name="testReadNamedStaticField" classname="org.apache.commons.lang3.reflect.FieldUtilsTest" time="0"/>
  <testcase name="testReadDeclaredNamedStaticFieldForceAccess" classname="org.apache.commons.lang3.reflect.FieldUtilsTest" time="0"/>
  <testcase name="testReadDeclaredNamedFieldForceAccess" classname="org.apache.commons.lang3.reflect.FieldUtilsTest" time="0"/>
  <testcase name="testGetField" classname="org.apache.commons.lang3.reflect.FieldUtilsTest" time="0"/>
  <testcase name="testGetFieldIllegalArgumentException1" classname="org.apache.commons.lang3.reflect.FieldUtilsTest" time="0"/>
  <testcase name="testGetFieldIllegalArgumentException2" classname="org.apache.commons.lang3.reflect.FieldUtilsTest" time="0"/>
  <testcase name="testReadDeclaredNamedStaticField" classname="org.apache.commons.lang3.reflect.FieldUtilsTest" time="0"/>
  <testcase name="testWriteField" classname="org.apache.commons.lang3.reflect.FieldUtilsTest" time="0"/>
  <testcase name="testWriteNamedStaticFieldForceAccess" classname="org.apache.commons.lang3.reflect.FieldUtilsTest" time="0.001"/>
  <testcase name="testGetDeclaredFieldForceAccessIllegalArgumentException1" classname="org.apache.commons.lang3.reflect.FieldUtilsTest" time="0"/>
  <testcase name="testGetDeclaredFieldForceAccessIllegalArgumentException2" classname="org.apache.commons.lang3.reflect.FieldUtilsTest" time="0"/>
  <testcase name="testWriteFieldForceAccess" classname="org.apache.commons.lang3.reflect.FieldUtilsTest" time="0"/>
  <testcase name="testAmbig" classname="org.apache.commons.lang3.reflect.FieldUtilsTest" time="0"/>
  <testcase name="testReadStaticFieldForceAccessIllegalArgumentException1" classname="org.apache.commons.lang3.reflect.FieldUtilsTest" time="0"/>
  <testcase name="testReadStaticFieldForceAccessIllegalArgumentException2" classname="org.apache.commons.lang3.reflect.FieldUtilsTest" time="0.002"/>
  <testcase name="testWriteNamedField" classname="org.apache.commons.lang3.reflect.FieldUtilsTest" time="0"/>
  <testcase name="testWriteDeclaredNamedFieldForceAccess" classname="org.apache.commons.lang3.reflect.FieldUtilsTest" time="0"/>
  <testcase name="testWriteDeclaredNamedStaticField" classname="org.apache.commons.lang3.reflect.FieldUtilsTest" time="0"/>
  <testcase name="testReadNamedField" classname="org.apache.commons.lang3.reflect.FieldUtilsTest" time="0"/>
  <testcase name="testReadStaticFieldIllegalArgumentException1" classname="org.apache.commons.lang3.reflect.FieldUtilsTest" time="0"/>
  <testcase name="testReadStaticFieldIllegalArgumentException2" classname="org.apache.commons.lang3.reflect.FieldUtilsTest" time="0"/>
  <testcase name="testGetFieldForceAccess" classname="org.apache.commons.lang3.reflect.FieldUtilsTest" time="0"/>
  <testcase name="testReadField" classname="org.apache.commons.lang3.reflect.FieldUtilsTest" time="0"/>
  <testcase name="testWriteNamedStaticField" classname="org.apache.commons.lang3.reflect.FieldUtilsTest" time="0"/>
  <testcase name="testWriteStaticFieldForceAccess" classname="org.apache.commons.lang3.reflect.FieldUtilsTest" time="0"/>
  <testcase name="testWriteStaticField" classname="org.apache.commons.lang3.reflect.FieldUtilsTest" time="0"/>
  <testcase name="testGetFieldForceAccessIllegalArgumentException1" classname="org.apache.commons.lang3.reflect.FieldUtilsTest" time="0"/>
  <testcase name="testGetFieldForceAccessIllegalArgumentException2" classname="org.apache.commons.lang3.reflect.FieldUtilsTest" time="0"/>
  <testcase name="testWriteNamedFieldForceAccess" classname="org.apache.commons.lang3.reflect.FieldUtilsTest" time="0"/>
  <testcase name="testReadNamedStaticFieldForceAccess" classname="org.apache.commons.lang3.reflect.FieldUtilsTest" time="0.001"/>
  <testcase name="testGetAllFields" classname="org.apache.commons.lang3.reflect.FieldUtilsTest" time="0">
    <failure message="expected:&lt;5&gt; but was:&lt;7&gt;" type="java.lang.AssertionError"><![CDATA[java.lang.AssertionError: expected:<5> but was:<7>
	at org.apache.commons.lang3.reflect.FieldUtilsTest.testGetAllFields(FieldUtilsTest.java:147)
]]></failure>
  </testcase>
  <testcase name="testReadStaticField" classname="org.apache.commons.lang3.reflect.FieldUtilsTest" time="0"/>
  <testcase name="testGetDeclaredFieldAccessIllegalArgumentException1" classname="org.apache.commons.lang3.reflect.FieldUtilsTest" time="0"/>
  <testcase name="testGetDeclaredFieldAccessIllegalArgumentException2" classname="org.apache.commons.lang3.reflect.FieldUtilsTest" time="0"/>
  <testcase name="testWriteDeclaredNamedStaticFieldForceAccess" classname="org.apache.commons.lang3.reflect.FieldUtilsTest" time="0"/>
  <testcase name="testWriteDeclaredNamedField" classname="org.apache.commons.lang3.reflect.FieldUtilsTest" time="0"/>
  <testcase name="testGetDeclaredField" classname="org.apache.commons.lang3.reflect.FieldUtilsTest" time="0"/>
  <testcase name="testGetDeclaredFieldForceAccess" classname="org.apache.commons.lang3.reflect.FieldUtilsTest" time="0"/>
  <testcase name="testReadFieldForceAccess" classname="org.apache.commons.lang3.reflect.FieldUtilsTest" time="0"/>
  <testcase name="testReadNamedFieldForceAccess" classname="org.apache.commons.lang3.reflect.FieldUtilsTest" time="0"/>
  <testcase name="testConstructor" classname="org.apache.commons.lang3.reflect.FieldUtilsTest" time="0"/>
</testsuite>