<?xml version="1.0" encoding="UTF-8"?>
<testsuite xmlns:xsi="http://www.w3.org/2001/XMLSchema-instance" xsi:noNamespaceSchemaLocation="https://maven.apache.org/surefire/maven-surefire-plugin/xsd/surefire-test-report.xsd" name="org.apache.commons.lang3.StringUtilsEqualsIndexOfTest" time="0.007" tests="49" errors="0" skipped="0" failures="0">
  <properties>
[...]
</properties>
  <testcase name="testLastIndexOfIgnoreCase_StringInt" classname="org.apache.commons.lang3.StringUtilsEqualsIndexOfTest" time="0.001"/>
  <testcase name="testContainsAny_StringCharArrayWithSupplementaryChars" classname="org.apache.commons.lang3.StringUtilsEqualsIndexOfTest" time="0"/>
  <testcase name="testContainsNone_CharArrayWithSupplementaryChars" classname="org.apache.commons.lang3.StringUtilsEqualsIndexOfTest" time="0"/>
  <testcase name="testContains_StringWithSupplementaryChars" classname="org.apache.commons.lang3.StringUtilsEqualsIndexOfTest" time="0"/>
  <testcase name="testContainsNone_StringWithSupplementaryChars" classname="org.apache.commons.lang3.StringUtilsEqualsIndexOfTest" time="0"/>
  <testcase name="testContainsOnly_String" classname="org.apache.commons.lang3.StringUtilsEqualsIndexOfTest" time="0"/>
  <testcase name="testLastIndexOf_String" classname="org.apache.commons.lang3.StringUtilsEqualsIndexOfTest" time="0"/>
  <testcase name="testContainsAny_StringCharArrayWithBadSupplementaryChars" classname="org.apache.commons.lang3.StringUtilsEqualsIndexOfTest" time="0"/>
  <testcase name="testOrdinalIndexOf" classname="org.apache.commons.lang3.StringUtilsEqualsIndexOfTest" time="0"/>
  <testcase name="testIndexOfAnyBut_StringStringWithSupplementaryChars" classname="org.apache.commons.lang3.StringUtilsEqualsIndexOfTest" time="0"/>
  <testcase name="testContains_String" classname="org.apache.commons.lang3.StringUtilsEqualsIndexOfTest" time="0"/>
  <testcase name="testEqualsIgnoreCase" classname="org.apache.commons.lang3.StringUtilsEqualsIndexOfTest" time="0"/>
  <testcase name="testContainsNone_CharArray" classname="org.apache.commons.lang3.StringUtilsEqualsIndexOfTest" time="0"/>
  <testcase name="testIndexOfIgnoreCase_StringInt" classname="org.apache.commons.lang3.StringUtilsEqualsIndexOfTest" time="0"/>
  <testcase name="testContainsAny_StringWithBadSupplementaryChars" classname="org.apache.commons.lang3.StringUtilsEqualsIndexOfTest" time="0"/>
  <testcase name="testEqualsOnStrings" classname="org.apache.commons.lang3.StringUtilsEqualsIndexOfTest" time="0"/>
  <testcase name="testLastOrdinalIndexOf" classname="org.apache.commons.lang3.StringUtilsEqualsIndexOfTest" time="0"/>
  <testcase name="testIndexOfAny_StringString" classname="org.apache.commons.lang3.StringUtilsEqualsIndexOfTest" time="0"/>
  <testcase name="testIndexOfIgnoreCase_String" classname="org.apache.commons.lang3.StringUtilsEqualsIndexOfTest" time="0.001"/>
  <testcase name="testContainsIgnoreCase_StringString" classname="org.apache.commons.lang3.StringUtilsEqualsIndexOfTest" time="0"/>
  <testcase name="testIndexOfAnyBut_StringString" classname="org.apache.commons.lang3.StringUtilsEqualsIndexOfTest" time="0"/>
  <testcase name="testContains_Char" classname="org.apache.commons.lang3.StringUtilsEqualsIndexOfTest" time="0"/>
  <testcase name="testIndexOf_char" classname="org.apache.commons.lang3.StringUtilsEqualsIndexOfTest" time="0"/>
  <testcase name="testIndexOfAny_StringCharArrayWithSupplementaryChars" classname="org.apache.commons.lang3.StringUtilsEqualsIndexOfTest" time="0"/>
  <testcase name="testIndexOf_charInt" classname="org.apache.commons.lang3.StringUtilsEqualsIndexOfTest" time="0"/>
  <testcase name="testContainsNone_String" classname="org.apache.commons.lang3.StringUtilsEqualsIndexOfTest" time="0"/>
  <testcase name="testContainsIgnoreCase_LocaleIndependence" classname="org.apache.commons.lang3.StringUtilsEqualsIndexOfTest" time="0"/>
  <testcase name="testContainsAny_StringString" classname="org.apache.commons.lang3.StringUtilsEqualsIndexOfTest" time="0"/>
  <testcase name="testIndexOfAnyBut_StringCharArrayWithSupplementaryChars" classname="org.apache.commons.lang3.StringUtilsEqualsIndexOfTest" time="0"/>
  <testcase name="testLastIndexOf_charInt" classname="org.apache.commons.lang3.StringUtilsEqualsIndexOfTest" time="0"/>
  <testcase name="testContainsNone_StringWithBadSupplementaryChars" classname="org.apache.commons.lang3.StringUtilsEqualsIndexOfTest" time="0"/>
  <testcase name="testIndexOfAnyBut_StringCharArray" classname="org.apache.commons.lang3.StringUtilsEqualsIndexOfTest" time="0"/>
  <testcase name="testContainsAny_StringWithSupplementaryChars" classname="org.apache.commons.lang3.StringUtilsEqualsIndexOfTest" time="0"/>
  <testcase name="testIndexOf_StringInt" classname="org.apache.commons.lang3.StringUtilsEqualsIndexOfTest" time="0"/>
  <testcase name="testLastIndexOf_StringInt" classname="org.apache.commons.lang3.StringUtilsEqualsIndexOfTest" time="0"/>
  <testcase name="testIndexOfAny_StringStringArray" classname="org.apache.commons.lang3.StringUtilsEqualsIndexOfTest" time="0"/>
  <testcase name="testEquals" classname="org.apache.commons.lang3.StringUtilsEqualsIndexOfTest" time="0"/>
  <testcase name="testLastIndexOf_char" classname="org.apache.commons.lang3.StringUtilsEqualsIndexOfTest" time="0.003"/>
  <testcase name="testContainsOnly_CharArray" classname="org.apache.commons.lang3.StringUtilsEqualsIndexOfTest" time="0"/>
  <testcase name="testContainsWhitespace" classname="org.apache.commons.lang3.StringUtilsEqualsIndexOfTest" time="0"/>
  <testcase name="testIndexOfAny_StringStringWithSupplementaryChars" classname="org.apache.commons.lang3.StringUtilsEqualsIndexOfTest" time="0"/>
  <testcase name="testLastIndexOfAny_StringStringArray" classname="org.apache.commons.lang3.StringUtilsEqualsIndexOfTest" time="0"/>
  <testcase name="testContainsAny_StringCharArray" classname="org.apache.commons.lang3.StringUtilsEqualsIndexOfTest" time="0"/>
  <testcase name="testLastIndexOfIgnoreCase_String" classname="org.apache.commons.lang3.StringUtilsEqualsIndexOfTest" time="0"/>
  <testcase name="testCustomCharSequence" classname="org.apache.commons.lang3.StringUtilsEqualsIndexOfTest" time="0"/>
  <testcase name="testIndexOf_String" classname="org.apache.commons.lang3.StringUtilsEqualsIndexOfTest" time="0"/>
  <testcase name="testContainsNone_CharArrayWithBadSupplementaryChars" classname="org.apache.commons.lang3.StringUtilsEqualsIndexOfTest" time="0"/>
  <testcase name="testIndexOfAny_StringCharArray" classname="org.apache.commons.lang3.StringUtilsEqualsIndexOfTest" time="0"/>
  <testcase name="testContains_StringWithBadSupplementaryChars" classname="org.apache.commons.lang3.StringUtilsEqualsIndexOfTest" time="0"/>
</testsuite>