<?xml version="1.0" encoding="UTF-8" ?>
<testsuite tests="37" failures="0" name="org.apache.commons.lang3.text.StrSubstitutorTest" time="0.006" errors="0" skipped="0">
  <properties>
[...]
</properties>
  <testcase classname="org.apache.commons.lang3.text.StrSubstitutorTest" name="testReplaceEscaping" time="0.001"/>
  <testcase classname="org.apache.commons.lang3.text.StrSubstitutorTest" name="testReplaceSoloEscaping" time="0"/>
  <testcase classname="org.apache.commons.lang3.text.StrSubstitutorTest" name="testSubstituteDefaultProperties" time="0.001"/>
  <testcase classname="org.apache.commons.lang3.text.StrSubstitutorTest" name="testReplaceNoPrefixSuffix" time="0"/>
  <testcase classname="org.apache.commons.lang3.text.StrSubstitutorTest" name="testCyclicReplacement" time="0"/>
  <testcase classname="org.apache.commons.lang3.text.StrSubstitutorTest" name="testReplaceToIdentical" time="0"/>
  <testcase classname="org.apache.commons.lang3.text.StrSubstitutorTest" name="testReplaceSimple" time="0.001"/>
  <testcase classname="org.apache.commons.lang3.text.StrSubstitutorTest" name="testStaticReplacePrefixSuffix" time="0"/>
  <testcase classname="org.apache.commons.lang3.text.StrSubstitutorTest" name="testReplaceRecursive" time="0"/>
  <testcase classname="org.apache.commons.lang3.text.StrSubstitutorTest" name="testConstructorMapPrefixSuffix" time="0"/>
  <testcase classname="org.apache.commons.lang3.text.StrSubstitutorTest" name="testSamePrefixAndSuffix" time="0"/>
  <testcase classname="org.apache.commons.lang3.text.StrSubstitutorTest" name="testStaticReplace" time="0"/>
  <testcase classname="org.apache.commons.lang3.text.StrSubstitutorTest" name="testReplaceUnknownKey" time="0"/>
  <testcase classname="org.apache.commons.lang3.text.StrSubstitutorTest" name="testReplaceNoPrefixNoSuffix" time="0"/>
  <testcase classname="org.apache.commons.lang3.text.StrSubstitutorTest" name="testStaticReplaceSystemProperties" time="0.001"/>
  <testcase classname="org.apache.commons.lang3.text.StrSubstitutorTest" name="testReplaceInVariableRecursive" time="0"/>
  <testcase classname="org.apache.commons.lang3.text.StrSubstitutorTest" name="testConstructorNoArgs" time="0"/>
  <testcase classname="org.apache.commons.lang3.text.StrSubstitutorTest" name="testReplaceAdjacentAtEnd" time="0"/>
  <testcase classname="org.apache.commons.lang3.text.StrSubstitutorTest" name="testReplaceNull" time="0"/>
  <testcase classname="org.apache.commons.lang3.text.StrSubstitutorTest" name="testReplaceSolo" time="0"/>
  <testcase classname="org.apache.commons.lang3.text.StrSubstitutorTest" name="testReplaceChangedMap" time="0"/>
  <testcase classname="org.apache.commons.lang3.text.StrSubstitutorTest" name="testReplaceWeirdPattens" time="0.001"/>
  <testcase classname="org.apache.commons.lang3.text.StrSubstitutorTest" name="testReplaceEmptyKeys" time="0"/>
  <testcase classname="org.apache.commons.lang3.text.StrSubstitutorTest" name="testReplaceNoVariables" time="0"/>
  <testcase classname="org.apache.commons.lang3.text.StrSubstitutorTest" name="testReplaceComplexEscaping" time="0"/>
  <testcase classname="org.apache.commons.lang3.text.StrSubstitutorTest" name="testReplaceInVariable" time="0"/>
  <testcase classname="org.apache.commons.lang3.text.StrSubstitutorTest" name="testReplacePrefixNoSuffix" time="0"/>
  <testcase classname="org.apache.commons.lang3.text.StrSubstitutorTest" name="testResolveVariable" time="0"/>
  <testcase classname="org.apache.commons.lang3.text.StrSubstitutorTest" name="testReplaceInVariableDisabled" time="0"/>
  <testcase classname="org.apache.commons.lang3.text.StrSubstitutorTest" name="testReplaceIncompletePrefix" time="0.001"/>
  <testcase classname="org.apache.commons.lang3.text.StrSubstitutorTest" name="testGetSetEscape" time="0"/>
  <testcase classname="org.apache.commons.lang3.text.StrSubstitutorTest" name="testReplaceAdjacentAtStart" time="0"/>
  <testcase classname="org.apache.commons.lang3.text.StrSubstitutorTest" name="testReplaceEmpty" time="0"/>
  <testcase classname="org.apache.commons.lang3.text.StrSubstitutorTest" name="testGetSetPrefix" time="0"/>
  <testcase classname="org.apache.commons.lang3.text.StrSubstitutorTest" name="testConstructorMapFull" time="0"/>
  <testcase classname="org.apache.commons.lang3.text.StrSubstitutorTest" name="testGetSetSuffix" time="0"/>
  <testcase classname="org.apache.commons.lang3.text.StrSubstitutorTest" name="testReplacePartialString_noReplace" time="0"/>
</testsuite>