<?xml version="1.0" encoding="UTF-8"?>
<testsuite xmlns:xsi="http://www.w3.org/2001/XMLSchema-instance" xsi:noNamespaceSchemaLocation="https://maven.apache.org/surefire/maven-surefire-plugin/xsd/surefire-test-report.xsd" name="org.apache.commons.lang3.ConversionTest" time="0.004" tests="42" errors="0" skipped="0" failures="0">
  <properties>
[...]
</properties>
  <testcase name="testBinaryToHexDigit" classname="org.apache.commons.lang3.ConversionTest" time="0.001"/>
  <testcase name="testIntToBinary" classname="org.apache.commons.lang3.ConversionTest" time="0"/>
  <testcase name="testShortArrayToInt" classname="org.apache.commons.lang3.ConversionTest" time="0"/>
  <testcase name="testBinaryToHexDigit_2args" classname="org.apache.commons.lang3.ConversionTest" time="0"/>
  <testcase name="testBinaryBeMsb0ToHexDigit_2args" classname="org.apache.commons.lang3.ConversionTest" time="0"/>
  <testcase name="testByteToHex" classname="org.apache.commons.lang3.ConversionTest" time="0"/>
  <testcase name="testBinaryBeMsb0ToHexDigit" classname="org.apache.commons.lang3.ConversionTest" time="0"/>
  <testcase name="testBinaryToShort" classname="org.apache.commons.lang3.ConversionTest" time="0"/>
  <testcase name="testShortToBinary" classname="org.apache.commons.lang3.ConversionTest" time="0"/>
  <testcase name="testBinaryToHexDigitMsb0_bits" classname="org.apache.commons.lang3.ConversionTest" time="0.001"/>
  <testcase name="testHexToByte" classname="org.apache.commons.lang3.ConversionTest" time="0"/>
  <testcase name="testHexToLong" classname="org.apache.commons.lang3.ConversionTest" time="0"/>
  <testcase name="testShortArrayToLong" classname="org.apache.commons.lang3.ConversionTest" time="0"/>
  <testcase name="testByteArrayToLong" classname="org.apache.commons.lang3.ConversionTest" time="0"/>
  <testcase name="testByteArrayToUuid" classname="org.apache.commons.lang3.ConversionTest" time="0"/>
  <testcase name="testLongToShortArray" classname="org.apache.commons.lang3.ConversionTest" time="0"/>
  <testcase name="testHexDigitMsb0ToBinary" classname="org.apache.commons.lang3.ConversionTest" time="0"/>
  <testcase name="testUuidToByteArray" classname="org.apache.commons.lang3.ConversionTest" time="0"/>
  <testcase name="testIntToShortArray" classname="org.apache.commons.lang3.ConversionTest" time="0"/>
  <testcase name="testIntArrayToLong" classname="org.apache.commons.lang3.ConversionTest" time="0"/>
  <testcase name="testHexDigitMsb0ToInt" classname="org.apache.commons.lang3.ConversionTest" time="0"/>
  <testcase name="testShortToByteArray" classname="org.apache.commons.lang3.ConversionTest" time="0.001"/>
  <testcase name="testHexDigitToBinary" classname="org.apache.commons.lang3.ConversionTest" time="0"/>
  <testcase name="testHexToInt" classname="org.apache.commons.lang3.ConversionTest" time="0"/>
  <testcase name="testIntToByteArray" classname="org.apache.commons.lang3.ConversionTest" time="0"/>
  <testcase name="testIntToHexDigitMsb0" classname="org.apache.commons.lang3.ConversionTest" time="0"/>
  <testcase name="testLongToByteArray" classname="org.apache.commons.lang3.ConversionTest" time="0"/>
  <testcase name="testLongToBinary" classname="org.apache.commons.lang3.ConversionTest" time="0"/>
  <testcase name="testHexDigitToInt" classname="org.apache.commons.lang3.ConversionTest" time="0"/>
  <testcase name="testLongToHex" classname="org.apache.commons.lang3.ConversionTest" time="0"/>
  <testcase name="testShortToHex" classname="org.apache.commons.lang3.ConversionTest" time="0"/>
  <testcase name="testLongToIntArray" classname="org.apache.commons.lang3.ConversionTest" time="0"/>
  <testcase name="testByteToBinary" classname="org.apache.commons.lang3.ConversionTest" time="0.001"/>
  <testcase name="testBinaryToByte" classname="org.apache.commons.lang3.ConversionTest" time="0"/>
  <testcase name="testBinaryToLong" classname="org.apache.commons.lang3.ConversionTest" time="0"/>
  <testcase name="testIntToHex" classname="org.apache.commons.lang3.ConversionTest" time="0"/>
  <testcase name="testByteArrayToInt" classname="org.apache.commons.lang3.ConversionTest" time="0"/>
  <testcase name="testHexToShort" classname="org.apache.commons.lang3.ConversionTest" time="0"/>
  <testcase name="testIntToHexDigit" classname="org.apache.commons.lang3.ConversionTest" time="0"/>
  <testcase name="testBinaryToHexDigitMsb0_4bits_2args" classname="org.apache.commons.lang3.ConversionTest" time="0"/>
  <testcase name="testByteArrayToShort" classname="org.apache.commons.lang3.ConversionTest" time="0"/>
  <testcase name="testBinaryToInt" classname="org.apache.commons.lang3.ConversionTest" time="0"/>
</testsuite>