<?xml version="1.0" encoding="UTF-8" ?>
<testsuite tests="47" failures="0" name="org.apache.commons.lang3.builder.EqualsBuilderTest" time="0.001" errors="0" skipped="0">
  <properties>
[...]
</properties>
  <testcase classname="org.apache.commons.lang3.builder.EqualsBuilderTest" name="testCharArray" time="0"/>
  <testcase classname="org.apache.commons.lang3.builder.EqualsBuilderTest" name="testObjectArray" time="0"/>
  <testcase classname="org.apache.commons.lang3.builder.EqualsBuilderTest" name="testObjectBuild" time="0"/>
  <testcase classname="org.apache.commons.lang3.builder.EqualsBuilderTest" name="testFloatArray" time="0"/>
  <testcase classname="org.apache.commons.lang3.builder.EqualsBuilderTest" name="testMultiCharArray" time="0"/>
  <testcase classname="org.apache.commons.lang3.builder.EqualsBuilderTest" name="testByteArrayHiddenByObject" time="0"/>
  <testcase classname="org.apache.commons.lang3.builder.EqualsBuilderTest" name="testReflectionEquals" time="0"/>
  <testcase classname="org.apache.commons.lang3.builder.EqualsBuilderTest" name="testAccessors" time="0"/>
  <testcase classname="org.apache.commons.lang3.builder.EqualsBuilderTest" name="testInt" time="0"/>
  <testcase classname="org.apache.commons.lang3.builder.EqualsBuilderTest" name="testByteArray" time="0"/>
  <testcase classname="org.apache.commons.lang3.builder.EqualsBuilderTest" name="testRaggedArray" time="0"/>
  <testcase classname="org.apache.commons.lang3.builder.EqualsBuilderTest" name="testFloat" time="0"/>
  <testcase classname="org.apache.commons.lang3.builder.EqualsBuilderTest" name="testReset" time="0"/>
  <testcase classname="org.apache.commons.lang3.builder.EqualsBuilderTest" name="testShort" time="0"/>
  <testcase classname="org.apache.commons.lang3.builder.EqualsBuilderTest" name="testSuper" time="0"/>
  <testcase classname="org.apache.commons.lang3.builder.EqualsBuilderTest" name="testByte" time="0"/>
  <testcase classname="org.apache.commons.lang3.builder.EqualsBuilderTest" name="testChar" time="0"/>
  <testcase classname="org.apache.commons.lang3.builder.EqualsBuilderTest" name="testLong" time="0"/>
  <testcase classname="org.apache.commons.lang3.builder.EqualsBuilderTest" name="testCyclicalObjectReferences" time="0"/>
  <testcase classname="org.apache.commons.lang3.builder.EqualsBuilderTest" name="testObjectArrayHiddenByObject" time="0"/>
  <testcase classname="org.apache.commons.lang3.builder.EqualsBuilderTest" name="testShortArrayHiddenByObject" time="0"/>
  <testcase classname="org.apache.commons.lang3.builder.EqualsBuilderTest" name="testMultiByteArray" time="0"/>
  <testcase classname="org.apache.commons.lang3.builder.EqualsBuilderTest" name="testMultiBooleanArray" time="0"/>
  <testcase classname="org.apache.commons.lang3.builder.EqualsBuilderTest" name="testLongArrayHiddenByObject" time="0"/>
  <testcase classname="org.apache.commons.lang3.builder.EqualsBuilderTest" name="testCharArrayHiddenByObject" time="0"/>
  <testcase classname="org.apache.commons.lang3.builder.EqualsBuilderTest" name="testReflectionEqualsExcludeFields" time="0"/>
  <testcase classname="org.apache.commons.lang3.builder.EqualsBuilderTest" name="testMultiFloatArray" time="0"/>
  <testcase classname="org.apache.commons.lang3.builder.EqualsBuilderTest" name="testMixedArray" time="0"/>
  <testcase classname="org.apache.commons.lang3.builder.EqualsBuilderTest" name="testBoolean" time="0"/>
  <testcase classname="org.apache.commons.lang3.builder.EqualsBuilderTest" name="testMultiIntArray" time="0"/>
  <testcase classname="org.apache.commons.lang3.builder.EqualsBuilderTest" name="testBooleanArray" time="0"/>
  <testcase classname="org.apache.commons.lang3.builder.EqualsBuilderTest" name="testBooleanArrayHiddenByObject" time="0"/>
  <testcase classname="org.apache.commons.lang3.builder.EqualsBuilderTest" name="testIntArrayHiddenByObject" time="0"/>
  <testcase classname="org.apache.commons.lang3.builder.EqualsBuilderTest" name="testUnrelatedClasses" time="0.001"/>
  <testcase classname="org.apache.commons.lang3.builder.EqualsBuilderTest" name="testLongArray" time="0"/>
  <testcase classname="org.apache.commons.lang3.builder.EqualsBuilderTest" name="testShortArray" time="0"/>
  <testcase classname="org.apache.commons.lang3.builder.EqualsBuilderTest" name="testNpeForNullElement" time="0"/>
  <testcase classname="org.apache.commons.lang3.builder.EqualsBuilderTest" name="testMultiLongArray" time="0"/>
  <testcase classname="org.apache.commons.lang3.builder.EqualsBuilderTest" name="testFloatArrayHiddenByObject" time="0"/>
  <testcase classname="org.apache.commons.lang3.builder.EqualsBuilderTest" name="testIntArray" time="0"/>
  <testcase classname="org.apache.commons.lang3.builder.EqualsBuilderTest" name="testDouble" time="0"/>
  <testcase classname="org.apache.commons.lang3.builder.EqualsBuilderTest" name="testReflectionHierarchyEquals" time="0"/>
  <testcase classname="org.apache.commons.lang3.builder.EqualsBuilderTest" name="testDoubleArrayHiddenByObject" time="0"/>
  <testcase classname="org.apache.commons.lang3.builder.EqualsBuilderTest" name="testObject" time="0"/>
  <testcase classname="org.apache.commons.lang3.builder.EqualsBuilderTest" name="testMultiDoubleArray" time="0"/>
  <testcase classname="org.apache.commons.lang3.builder.EqualsBuilderTest" name="testMultiShortArray" time="0"/>
  <testcase classname="org.apache.commons.lang3.builder.EqualsBuilderTest" name="testDoubleArray" time="0"/>
</testsuite>