<?xml version="1.0" encoding="UTF-8"?>
<testsuite xmlns:xsi="http://www.w3.org/2001/XMLSchema-instance" xsi:noNamespaceSchemaLocation="https://maven.apache.org/surefire/maven-surefire-plugin/xsd/surefire-test-report.xsd" name="org.apache.commons.lang3.CharEncodingTest" time="0.003" tests="6" errors="0" skipped="0" failures="0">
  <properties>
[...]
</properties>
  <testcase name="testMustBeSupportedJava1_3_1" classname="org.apache.commons.lang3.CharEncodingTest" time="0"/>
  <testcase name="testSupported" classname="org.apache.commons.lang3.CharEncodingTest" time="0"/>
  <testcase name="testNotSupported" classname="org.apache.commons.lang3.CharEncodingTest" time="0.003"/>
  <testcase name="testWorksOnJava1_1_8" classname="org.apache.commons.lang3.CharEncodingTest" time="0"/>
  <testcase name="testWorksOnJava1_2_2" classname="org.apache.commons.lang3.CharEncodingTest" time="0"/>
  <testcase name="testConstructor" classname="org.apache.commons.lang3.CharEncodingTest" time="0"/>
</testsuite>