<?xml version="1.0" encoding="UTF-8"?>
<testsuite xmlns:xsi="http://www.w3.org/2001/XMLSchema-instance" xsi:noNamespaceSchemaLocation="https://maven.apache.org/surefire/maven-surefire-plugin/xsd/surefire-test-report.xsd" name="org.apache.commons.lang3.ClassUtilsTest" time="0.006" tests="51" errors="0" skipped="0" failures="0">
  <properties>
[...]
</properties>
  <testcase name="test_getShortClassName_Class" classname="org.apache.commons.lang3.ClassUtilsTest" time="0"/>
  <testcase name="test_isAssignable" classname="org.apache.commons.lang3.ClassUtilsTest" time="0"/>
  <testcase name="testShowJavaBug" classname="org.apache.commons.lang3.ClassUtilsTest" time="0"/>
  <testcase name="testToClass_object" classname="org.apache.commons.lang3.ClassUtilsTest" time="0"/>
  <testcase name="testGetClassByNormalNameArrays" classname="org.apache.commons.lang3.ClassUtilsTest" time="0"/>
  <testcase name="testGetInnerClass" classname="org.apache.commons.lang3.ClassUtilsTest" time="0"/>
  <testcase name="test_getAllSuperclasses_Class" classname="org.apache.commons.lang3.ClassUtilsTest" time="0.001"/>
  <testcase name="testPrimitiveToWrapper" classname="org.apache.commons.lang3.ClassUtilsTest" time="0"/>
  <testcase name="test_getPackageCanonicalName_Object" classname="org.apache.commons.lang3.ClassUtilsTest" time="0.001"/>
  <testcase name="test_isAssignable_Widening" classname="org.apache.commons.lang3.ClassUtilsTest" time="0"/>
  <testcase name="test_getPackageCanonicalName_String" classname="org.apache.commons.lang3.ClassUtilsTest" time="0"/>
  <testcase name="testGetClassWithArrayClasses" classname="org.apache.commons.lang3.ClassUtilsTest" time="0"/>
  <testcase name="test_getPackageCanonicalName_Class" classname="org.apache.commons.lang3.ClassUtilsTest" time="0"/>
  <testcase name="test_getShortClassName_Object" classname="org.apache.commons.lang3.ClassUtilsTest" time="0"/>
  <testcase name="test_getShortClassName_String" classname="org.apache.commons.lang3.ClassUtilsTest" time="0"/>
  <testcase name="testIsPrimitiveOrWrapper" classname="org.apache.commons.lang3.ClassUtilsTest" time="0"/>
  <testcase name="test_isAssignable_NoAutoboxing" classname="org.apache.commons.lang3.ClassUtilsTest" time="0"/>
  <testcase name="testWrapperToPrimitive" classname="org.apache.commons.lang3.ClassUtilsTest" time="0"/>
  <testcase name="testWrappersToPrimitives" classname="org.apache.commons.lang3.ClassUtilsTest" time="0"/>
  <testcase name="test_isAssignable_ClassArray_ClassArray_Autoboxing" classname="org.apache.commons.lang3.ClassUtilsTest" time="0"/>
  <testcase name="testGetClassWithArrayClasses2D" classname="org.apache.commons.lang3.ClassUtilsTest" time="0"/>
  <testcase name="test_getPackageName_Object" classname="org.apache.commons.lang3.ClassUtilsTest" time="0"/>
  <testcase name="test_getPackageName_String" classname="org.apache.commons.lang3.ClassUtilsTest" time="0"/>
  <testcase name="test_isAssignable_ClassArray_ClassArray_NoAutoboxing" classname="org.apache.commons.lang3.ClassUtilsTest" time="0"/>
  <testcase name="testWrapperToPrimitiveNull" classname="org.apache.commons.lang3.ClassUtilsTest" time="0"/>
  <testcase name="testGetClassByNormalNameArrays2D" classname="org.apache.commons.lang3.ClassUtilsTest" time="0.001"/>
  <testcase name="testIsPrimitiveWrapper" classname="org.apache.commons.lang3.ClassUtilsTest" time="0"/>
  <testcase name="testWithInterleavingWhitespace" classname="org.apache.commons.lang3.ClassUtilsTest" time="0"/>
  <testcase name="test_getPackageName_Class" classname="org.apache.commons.lang3.ClassUtilsTest" time="0"/>
  <testcase name="test_getShortCanonicalName_Object" classname="org.apache.commons.lang3.ClassUtilsTest" time="0"/>
  <testcase name="test_getShortCanonicalName_String" classname="org.apache.commons.lang3.ClassUtilsTest" time="0"/>
  <testcase name="test_getShortCanonicalName_Class" classname="org.apache.commons.lang3.ClassUtilsTest" time="0"/>
  <testcase name="test_isAssignable_DefaultUnboxing_Widening" classname="org.apache.commons.lang3.ClassUtilsTest" time="0.001"/>
  <testcase name="testGetClassRawPrimitives" classname="org.apache.commons.lang3.ClassUtilsTest" time="0"/>
  <testcase name="testGetClassInvalidArguments" classname="org.apache.commons.lang3.ClassUtilsTest" time="0"/>
  <testcase name="testPrimitivesToWrappers" classname="org.apache.commons.lang3.ClassUtilsTest" time="0"/>
  <testcase name="testGetClassClassNotFound" classname="org.apache.commons.lang3.ClassUtilsTest" time="0"/>
  <testcase name="test_getSimpleName_Class" classname="org.apache.commons.lang3.ClassUtilsTest" time="0"/>
  <testcase name="testWrappersToPrimitivesNull" classname="org.apache.commons.lang3.ClassUtilsTest" time="0"/>
  <testcase name="test_isInnerClass_Class" classname="org.apache.commons.lang3.ClassUtilsTest" time="0"/>
  <testcase name="test_isAssignable_ClassArray_ClassArray" classname="org.apache.commons.lang3.ClassUtilsTest" time="0"/>
  <testcase name="test_getSimpleName_Object" classname="org.apache.commons.lang3.ClassUtilsTest" time="0"/>
  <testcase name="test_isAssignable_Unboxing_Widening" classname="org.apache.commons.lang3.ClassUtilsTest" time="0"/>
  <testcase name="testWrappersToPrimitivesEmpty" classname="org.apache.commons.lang3.ClassUtilsTest" time="0"/>
  <testcase name="testWrapperToPrimitiveNoWrapper" classname="org.apache.commons.lang3.ClassUtilsTest" time="0"/>
  <testcase name="test_convertClassNamesToClasses_List" classname="org.apache.commons.lang3.ClassUtilsTest" time="0"/>
  <testcase name="test_isAssignable_Autoboxing" classname="org.apache.commons.lang3.ClassUtilsTest" time="0.001"/>
  <testcase name="test_convertClassesToClassNames_List" classname="org.apache.commons.lang3.ClassUtilsTest" time="0"/>
  <testcase name="testGetPublicMethod" classname="org.apache.commons.lang3.ClassUtilsTest" time="0"/>
  <testcase name="test_getAllInterfaces_Class" classname="org.apache.commons.lang3.ClassUtilsTest" time="0"/>
  <testcase name="testConstructor" classname="org.apache.commons.lang3.ClassUtilsTest" time="0"/>
</testsuite>