<?xml version="1.0" encoding="UTF-8"?>
<testsuite xmlns:xsi="http://www.w3.org/2001/XMLSchema-instance" xsi:noNamespaceSchemaLocation="https://maven.apache.org/surefire/maven-surefire-plugin/xsd/surefire-test-report.xsd" name="org.apache.commons.lang3.reflect.TypeUtilsTest" time="0.005" tests="11" errors="6" skipped="0" failures="0">
  <properties>
[...]
</properties>
  <testcase name="testGetTypeArguments" classname="org.apache.commons.lang3.reflect.TypeUtilsTest" time="0.001">
    <error message="Cannot invoke &quot;org.apache.commons.lang3.JavaVersion.atLeast(org.apache.commons.lang3.JavaVersion)&quot; because &quot;org.apache.commons.lang3.SystemUtils.JAVA_SPECIFICATION_VERSION_AS_ENUM&quot; is null" type="java.lang.NullPointerException">java.lang.NullPointerException: Cannot invoke "org.apache.commons.lang3.JavaVersion.atLeast(org.apache.commons.lang3.JavaVersion)" because "org.apache.commons.lang3.SystemUtils.JAVA_SPECIFICATION_VERSION_AS_ENUM" is null
	at org.apache.commons.lang3.reflect.TypeUtilsTest.testGetTypeArguments(TypeUtilsTest.java:477)
</error>
  </testcase>
  <testcase name="testIsInstance" classname="org.apache.commons.lang3.reflect.TypeUtilsTest" time="0.001">
    <error message="Cannot invoke &quot;org.apache.commons.lang3.JavaVersion.atLeast(org.apache.commons.lang3.JavaVersion)&quot; because &quot;org.apache.commons.lang3.SystemUtils.JAVA_SPECIFICATION_VERSION_AS_ENUM&quot; is null" type="java.lang.NullPointerException">java.lang.NullPointerException: Cannot invoke "org.apache.commons.lang3.JavaVersion.atLeast(org.apache.commons.lang3.JavaVersion)" because "org.apache.commons.lang3.SystemUtils.JAVA_SPECIFICATION_VERSION_AS_ENUM" is null
	at org.apache.commons.lang3.reflect.TypeUtilsTest.testIsInstance(TypeUtilsTest.java:466)
</error>
  </testcase>
  <testcase name="testLang820" classname="org.apache.commons.lang3.reflect.TypeUtilsTest" time="0"/>
  <testcase name="testIsAssignable" classname="org.apache.commons.lang3.reflect.TypeUtilsTest" time="0.002">
    <error message="Cannot invoke &quot;org.apache.commons.lang3.JavaVersion.atLeast(org.apache.commons.lang3.JavaVersion)&quot; because &quot;org.apache.commons.lang3.SystemUtils.JAVA_SPECIFICATION_VERSION_AS_ENUM&quot; is null" type="java.lang.NullPointerException">java.lang.NullPointerException: Cannot invoke "org.apache.commons.lang3.JavaVersion.atLeast(org.apache.commons.lang3.JavaVersion)" because "org.apache.commons.lang3.SystemUtils.JAVA_SPECIFICATION_VERSION_AS_ENUM" is null
	at org.apache.commons.lang3.reflect.TypeUtilsTest.delegateBooleanAssertion(TypeUtilsTest.java:447)
	at org.apache.commons.lang3.reflect.TypeUtilsTest.testIsAssignable(TypeUtilsTest.java:170)
</error>
  </testcase>
  <testcase name="testGetPrimitiveArrayComponentType" classname="org.apache.commons.lang3.reflect.TypeUtilsTest" time="0"/>
  <testcase name="testTypesSatisfyVariables" classname="org.apache.commons.lang3.reflect.TypeUtilsTest" time="0">
    <error message="Cannot invoke &quot;org.apache.commons.lang3.JavaVersion.atLeast(org.apache.commons.lang3.JavaVersion)&quot; because &quot;org.apache.commons.lang3.SystemUtils.JAVA_SPECIFICATION_VERSION_AS_ENUM&quot; is null" type="java.lang.NullPointerException">java.lang.NullPointerException: Cannot invoke "org.apache.commons.lang3.JavaVersion.atLeast(org.apache.commons.lang3.JavaVersion)" because "org.apache.commons.lang3.SystemUtils.JAVA_SPECIFICATION_VERSION_AS_ENUM" is null
	at org.apache.commons.lang3.reflect.TypeUtilsTest.testTypesSatisfyVariables(TypeUtilsTest.java:526)
</error>
  </testcase>
  <testcase name="testIsArrayTypeClasses" classname="org.apache.commons.lang3.reflect.TypeUtilsTest" time="0.001"/>
  <testcase name="testDetermineTypeVariableAssignments" classname="org.apache.commons.lang3.reflect.TypeUtilsTest" time="0">
    <error message="Cannot invoke &quot;org.apache.commons.lang3.JavaVersion.atLeast(org.apache.commons.lang3.JavaVersion)&quot; because &quot;org.apache.commons.lang3.SystemUtils.JAVA_SPECIFICATION_VERSION_AS_ENUM&quot; is null" type="java.lang.NullPointerException">java.lang.NullPointerException: Cannot invoke "org.apache.commons.lang3.JavaVersion.atLeast(org.apache.commons.lang3.JavaVersion)" because "org.apache.commons.lang3.SystemUtils.JAVA_SPECIFICATION_VERSION_AS_ENUM" is null
	at org.apache.commons.lang3.reflect.TypeUtilsTest.testDetermineTypeVariableAssignments(TypeUtilsTest.java:540)
</error>
  </testcase>
  <testcase name="testGetRawType" classname="org.apache.commons.lang3.reflect.TypeUtilsTest" time="0">
    <error message="Cannot invoke &quot;org.apache.commons.lang3.JavaVersion.atLeast(org.apache.commons.lang3.JavaVersion)&quot; because &quot;org.apache.commons.lang3.SystemUtils.JAVA_SPECIFICATION_VERSION_AS_ENUM&quot; is null" type="java.lang.NullPointerException">java.lang.NullPointerException: Cannot invoke "org.apache.commons.lang3.JavaVersion.atLeast(org.apache.commons.lang3.JavaVersion)" because "org.apache.commons.lang3.SystemUtils.JAVA_SPECIFICATION_VERSION_AS_ENUM" is null
	at org.apache.commons.lang3.reflect.TypeUtilsTest.testGetRawType(TypeUtilsTest.java:561)
</error>
  </testcase>
  <testcase name="testGetArrayComponentType" classname="org.apache.commons.lang3.reflect.TypeUtilsTest" time="0"/>
  <testcase name="testIsArrayGenericTypes" classname="org.apache.commons.lang3.reflect.TypeUtilsTest" time="0"/>
</testsuite>