<?xml version="1.0" encoding="UTF-8" ?>
<testsuite tests="34" failures="0" name="org.apache.commons.lang3.EnumUtilsTest" time="0.001" errors="0" skipped="0">
  <properties>
[...]
</properties>
  <testcase classname="org.apache.commons.lang3.EnumUtilsTest" name="test_generateBitVectors_nullClassWithArray" time="0"/>
  <testcase classname="org.apache.commons.lang3.EnumUtilsTest" name="test_generateBitVector_nullElement" time="0"/>
  <testcase classname="org.apache.commons.lang3.EnumUtilsTest" name="test_isEnum_nullClass" time="0"/>
  <testcase classname="org.apache.commons.lang3.EnumUtilsTest" name="test_getEnumMap" time="0"/>
  <testcase classname="org.apache.commons.lang3.EnumUtilsTest" name="test_generateBitVector_longClass" time="0.001"/>
  <testcase classname="org.apache.commons.lang3.EnumUtilsTest" name="test_generateBitVector" time="0"/>
  <testcase classname="org.apache.commons.lang3.EnumUtilsTest" name="test_getEnum" time="0"/>
  <testcase classname="org.apache.commons.lang3.EnumUtilsTest" name="test_generateBitVectors_nullArrayElement" time="0"/>
  <testcase classname="org.apache.commons.lang3.EnumUtilsTest" name="test_generateBitVectorFromArray" time="0"/>
  <testcase classname="org.apache.commons.lang3.EnumUtilsTest" name="test_generateBitVectors_nullIterable" time="0"/>
  <testcase classname="org.apache.commons.lang3.EnumUtilsTest" name="test_generateBitVector_nullArray" time="0"/>
  <testcase classname="org.apache.commons.lang3.EnumUtilsTest" name="test_generateBitVector_nullClass" time="0"/>
  <testcase classname="org.apache.commons.lang3.EnumUtilsTest" name="test_isEnum" time="0"/>
  <testcase classname="org.apache.commons.lang3.EnumUtilsTest" name="test_generateBitVector_nullIterable" time="0"/>
  <testcase classname="org.apache.commons.lang3.EnumUtilsTest" name="test_generateBitVectors_nonEnumClass" time="0"/>
  <testcase classname="org.apache.commons.lang3.EnumUtilsTest" name="test_processBitVectors" time="0"/>
  <testcase classname="org.apache.commons.lang3.EnumUtilsTest" name="test_generateBitVector_longClassWithArray" time="0"/>
  <testcase classname="org.apache.commons.lang3.EnumUtilsTest" name="test_generateBitVector_nonEnumClass" time="0"/>
  <testcase classname="org.apache.commons.lang3.EnumUtilsTest" name="testConstructable" time="0"/>
  <testcase classname="org.apache.commons.lang3.EnumUtilsTest" name="test_getEnumList" time="0"/>
  <testcase classname="org.apache.commons.lang3.EnumUtilsTest" name="test_generateBitVectors_nullElement" time="0"/>
  <testcase classname="org.apache.commons.lang3.EnumUtilsTest" name="test_generateBitVectorsFromArray" time="0"/>
  <testcase classname="org.apache.commons.lang3.EnumUtilsTest" name="test_processBitVector_longClass" time="0"/>
  <testcase classname="org.apache.commons.lang3.EnumUtilsTest" name="test_processBitVectors_nullClass" time="0"/>
  <testcase classname="org.apache.commons.lang3.EnumUtilsTest" name="test_generateBitVectors_nonEnumClassWithArray" time="0"/>
  <testcase classname="org.apache.commons.lang3.EnumUtilsTest" name="test_generateBitVector_nonEnumClassWithArray" time="0"/>
  <testcase classname="org.apache.commons.lang3.EnumUtilsTest" name="test_generateBitVector_nullClassWithArray" time="0"/>
  <testcase classname="org.apache.commons.lang3.EnumUtilsTest" name="test_processBitVector" time="0"/>
  <testcase classname="org.apache.commons.lang3.EnumUtilsTest" name="test_generateBitVector_nullArrayElement" time="0"/>
  <testcase classname="org.apache.commons.lang3.EnumUtilsTest" name="test_generateBitVectors" time="0"/>
  <testcase classname="org.apache.commons.lang3.EnumUtilsTest" name="test_generateBitVectors_nullArray" time="0"/>
  <testcase classname="org.apache.commons.lang3.EnumUtilsTest" name="test_generateBitVectors_nullClass" time="0"/>
  <testcase classname="org.apache.commons.lang3.EnumUtilsTest" name="test_getEnum_nullClass" time="0"/>
  <testcase classname="org.apache.commons.lang3.EnumUtilsTest" name="test_processBitVector_nullClass" time="0"/>
</testsuite>