<?xml version="1.0" encoding="UTF-8" ?>
<testsuite tests="44" failures="0" name="org.apache.commons.lang3.reflect.FieldUtilsTest" time="0.004" errors="0" skipped="0">
  <properties>
[...]
</properties>
  <testcase classname="org.apache.commons.lang3.reflect.FieldUtilsTest" name="testReadStaticFieldForceAccess" time="0"/>
  <testcase classname="org.apache.commons.lang3.reflect.FieldUtilsTest" name="testGetAllFieldsList" time="0"/>
  <testcase classname="org.apache.commons.lang3.reflect.FieldUtilsTest" name="testReadDeclaredNamedField" time="0"/>
  <testcase classname="org.apache.commons.lang3.reflect.FieldUtilsTest" name="testReadNamedStaticField" time="0"/>
  <testcase classname="org.apache.commons.lang3.reflect.FieldUtilsTest" name="testReadDeclaredNamedStaticFieldForceAccess" time="0.001"/>
  <testcase classname="org.apache.commons.lang3.reflect.FieldUtilsTest" name="testReadDeclaredNamedFieldForceAccess" time="0"/>
  <testcase classname="org.apache.commons.lang3.reflect.FieldUtilsTest" name="testGetField" time="0"/>
  <testcase classname="org.apache.commons.lang3.reflect.FieldUtilsTest" name="testGetFieldIllegalArgumentException1" time="0"/>
  <testcase classname="org.apache.commons.lang3.reflect.FieldUtilsTest" name="testGetFieldIllegalArgumentException2" time="0"/>
  <testcase classname="org.apache.commons.lang3.reflect.FieldUtilsTest" name="testReadDeclaredNamedStaticField" time="0"/>
  <testcase classname="org.apache.commons.lang3.reflect.FieldUtilsTest" name="testWriteField" time="0"/>
  <testcase classname="org.apache.commons.lang3.reflect.FieldUtilsTest" name="testWriteNamedStaticFieldForceAccess" time="0"/>
  <testcase classname="org.apache.commons.lang3.reflect.FieldUtilsTest" name="testGetDeclaredFieldForceAccessIllegalArgumentException1" time="0"/>
  <testcase classname="org.apache.commons.lang3.reflect.FieldUtilsTest" name="testGetDeclaredFieldForceAccessIllegalArgumentException2" time="0"/>
  <testcase classname="org.apache.commons.lang3.reflect.FieldUtilsTest" name="testWriteFieldForceAccess" time="0"/>
  <testcase classname="org.apache.commons.lang3.reflect.FieldUtilsTest" name="testAmbig" time="0.001"/>
  <testcase classname="org.apache.commons.lang3.reflect.FieldUtilsTest" name="testReadStaticFieldForceAccessIllegalArgumentException1" time="0"/>
  <testcase classname="org.apache.commons.lang3.reflect.FieldUtilsTest" name="testReadStaticFieldForceAccessIllegalArgumentException2" time="0.001"/>
  <testcase classname="org.apache.commons.lang3.reflect.FieldUtilsTest" name="testWriteNamedField" time="0"/>
  <testcase classname="org.apache.commons.lang3.reflect.FieldUtilsTest" name="testWriteDeclaredNamedFieldForceAccess" time="0"/>
  <testcase classname="org.apache.commons.lang3.reflect.FieldUtilsTest" name="testWriteDeclaredNamedStaticField" time="0"/>
  <testcase classname="org.apache.commons.lang3.reflect.FieldUtilsTest" name="testReadNamedField" time="0"/>
  <testcase classname="org.apache.commons.lang3.reflect.FieldUtilsTest" name="testReadStaticFieldIllegalArgumentException1" time="0"/>
  <testcase classname="org.apache.commons.lang3.reflect.FieldUtilsTest" name="testReadStaticFieldIllegalArgumentException2" time="0"/>
  <testcase classname="org.apache.commons.lang3.reflect.FieldUtilsTest" name="testGetFieldForceAccess" time="0"/>
  <testcase classname="org.apache.commons.lang3.reflect.FieldUtilsTest" name="testReadField" time="0"/>
  <testcase classname="org.apache.commons.lang3.reflect.FieldUtilsTest" name="testWriteNamedStaticField" time="0"/>
  <testcase classname="org.apache.commons.lang3.reflect.FieldUtilsTest" name="testWriteStaticFieldForceAccess" time="0"/>
  <testcase classname="org.apache.commons.lang3.reflect.FieldUtilsTest" name="testWriteStaticField" time="0"/>
  <testcase classname="org.apache.commons.lang3.reflect.FieldUtilsTest" name="testGetFieldForceAccessIllegalArgumentException1" time="0"/>
  <testcase classname="org.apache.commons.lang3.reflect.FieldUtilsTest" name="testGetFieldForceAccessIllegalArgumentException2" time="0"/>
  <testcase classname="org.apache.commons.lang3.reflect.FieldUtilsTest" name="testWriteNamedFieldForceAccess" time="0"/>
  <testcase classname="org.apache.commons.lang3.reflect.FieldUtilsTest" name="testReadNamedStaticFieldForceAccess" time="0.001"/>
  <testcase classname="org.apache.commons.lang3.reflect.FieldUtilsTest" name="testGetAllFields" time="0"/>
  <testcase classname="org.apache.commons.lang3.reflect.FieldUtilsTest" name="testReadStaticField" time="0"/>
  <testcase classname="org.apache.commons.lang3.reflect.FieldUtilsTest" name="testGetDeclaredFieldAccessIllegalArgumentException1" time="0"/>
  <testcase classname="org.apache.commons.lang3.reflect.FieldUtilsTest" name="testGetDeclaredFieldAccessIllegalArgumentException2" time="0"/>
  <testcase classname="org.apache.commons.lang3.reflect.FieldUtilsTest" name="testWriteDeclaredNamedStaticFieldForceAccess" time="0"/>
  <testcase classname="org.apache.commons.lang3.reflect.FieldUtilsTest" name="testWriteDeclaredNamedField" time="0"/>
  <testcase classname="org.apache.commons.lang3.reflect.FieldUtilsTest" name="testGetDeclaredField" time="0"/>
  <testcase classname="org.apache.commons.lang3.reflect.FieldUtilsTest" name="testGetDeclaredFieldForceAccess" time="0"/>
  <testcase classname="org.apache.commons.lang3.reflect.FieldUtilsTest" name="testReadFieldForceAccess" time="0"/>
  <testcase classname="org.apache.commons.lang3.reflect.FieldUtilsTest" name="testReadNamedFieldForceAccess" time="0"/>
  <testcase classname="org.apache.commons.lang3.reflect.FieldUtilsTest" name="testConstructor" time="0"/>
</testsuite>